SF:lib/data/models/brand.dart
DA:14,5
DA:20,1
DA:21,1
DA:22,1
DA:23,1
DA:28,1
DA:29,1
DA:30,1
DA:31,1
LF:9
LH:9
end_of_record
SF:lib/data/models/fault.dart
DA:14,5
DA:19,1
DA:20,1
DA:21,1
DA:22,1
DA:26,1
DA:27,1
DA:28,1
DA:29,1
LF:9
LH:9
end_of_record
SF:lib/data/models/service_item.dart
DA:35,1
DA:36,2
DA:38,2
DA:40,1
DA:50,6
DA:69,2
DA:70,4
DA:71,4
DA:76,2
DA:77,1
DA:78,1
DA:79,1
DA:80,1
DA:81,3
DA:82,1
DA:83,1
DA:84,1
DA:85,1
DA:86,5
DA:87,3
DA:88,1
DA:89,1
DA:90,1
DA:91,1
DA:92,1
DA:93,1
DA:94,1
DA:95,1
LF:28
LH:28
end_of_record
SF:lib/data/models/technician.dart
DA:14,5
DA:20,1
DA:21,1
DA:22,1
DA:23,1
DA:28,1
DA:29,1
DA:30,1
DA:31,1
LF:9
LH:9
end_of_record
SF:lib/presentation/providers/service_item_provider.dart
DA:11,0
DA:12,0
DA:13,0
DA:14,0
DA:24,3
DA:25,1
DA:28,2
DA:30,2
DA:32,2
DA:34,5
DA:36,1
DA:37,1
DA:40,1
DA:43,2
DA:44,2
DA:45,1
DA:49,1
DA:50,2
DA:51,2
DA:54,1
DA:55,2
DA:56,1
DA:58,1
DA:59,0
DA:61,2
DA:62,4
DA:66,0
DA:67,0
DA:68,0
DA:69,0
DA:70,0
DA:74,0
DA:75,0
DA:76,0
DA:78,0
DA:79,0
DA:82,0
DA:83,0
DA:87,0
DA:88,0
DA:89,0
DA:91,0
DA:92,0
DA:97,0
DA:98,0
DA:99,0
DA:101,0
DA:102,0
DA:107,1
DA:120,2
DA:134,1
DA:135,1
DA:136,2
DA:137,1
DA:140,1
DA:141,1
DA:142,1
DA:143,1
DA:144,1
LF:59
LH:32
end_of_record
SF:lib/data/repositories/service_item_repository.dart
DA:12,2
DA:21,3
DA:23,1
DA:24,2
DA:27,1
DA:28,2
DA:31,1
DA:32,2
DA:35,0
DA:39,0
DA:40,0
DA:42,0
DA:43,0
DA:44,0
DA:45,0
DA:46,0
DA:48,0
DA:49,0
DA:50,0
DA:51,0
DA:52,0
DA:54,0
DA:57,0
DA:61,0
DA:62,0
DA:63,0
DA:65,0
DA:66,0
DA:67,0
DA:68,0
DA:69,0
DA:71,0
DA:74,3
DA:76,3
DA:78,0
DA:80,0
DA:82,0
DA:83,0
DA:89,1
DA:91,2
DA:94,0
DA:96,0
DA:97,0
DA:98,0
DA:99,0
DA:105,0
DA:120,0
DA:124,0
DA:129,0
DA:133,0
DA:136,0
DA:137,0
DA:140,0
DA:141,0
DA:143,0
DA:144,0
DA:145,0
DA:146,0
DA:148,0
DA:152,0
DA:154,0
DA:155,0
DA:156,0
DA:157,0
DA:161,0
DA:163,0
DA:164,0
DA:165,0
DA:166,0
DA:172,0
DA:173,0
DA:178,0
DA:184,0
DA:190,0
DA:191,0
DA:193,0
DA:194,0
DA:195,0
DA:200,0
DA:201,0
DA:203,0
DA:205,0
DA:206,0
DA:207,0
DA:208,0
DA:211,0
DA:212,0
DA:213,0
DA:215,0
DA:216,0
DA:219,0
DA:220,0
LF:92
LH:12
end_of_record
SF:lib/data/database/object_box.dart
DA:20,0
DA:21,0
DA:22,0
DA:23,0
DA:24,0
DA:27,0
DA:29,0
DA:30,0
DA:31,0
DA:33,0
DA:34,0
DA:37,0
DA:38,0
DA:42,0
DA:44,0
DA:46,0
DA:48,0
DA:51,0
DA:53,0
DA:55,0
DA:57,0
DA:60,0
DA:62,0
DA:64,0
DA:66,0
DA:69,0
DA:71,0
DA:72,0
DA:73,0
DA:74,0
DA:75,0
DA:78,0
DA:79,0
DA:80,0
DA:81,0
DA:82,0
DA:85,0
DA:86,0
DA:87,0
DA:89,0
DA:90,0
DA:91,0
DA:92,0
DA:93,0
DA:95,0
DA:98,0
DA:100,0
LF:47
LH:0
end_of_record
SF:lib/core/utils/extension.dart
DA:4,1
DA:5,1
DA:6,4
DA:11,2
DA:13,2
DA:14,4
DA:22,1
DA:23,1
DA:24,1
DA:29,1
DA:30,1
DA:36,4
DA:39,1
DA:40,1
DA:45,1
LF:15
LH:15
end_of_record
SF:lib/data/models/revenue.dart
DA:16,2
DA:30,4
LF:2
LH:2
end_of_record
SF:lib/data/repositories/brand_repository.dart
DA:7,0
DA:10,0
DA:11,0
DA:15,0
DA:16,0
DA:20,0
DA:21,0
DA:25,0
DA:26,0
DA:30,0
DA:31,0
LF:11
LH:0
end_of_record
SF:lib/data/repositories/fault_repository.dart
DA:7,0
DA:9,0
DA:10,0
DA:13,0
DA:14,0
DA:17,0
DA:18,0
DA:21,0
DA:22,0
DA:25,0
DA:26,0
LF:11
LH:0
end_of_record
SF:lib/data/repositories/revenue_repository.dart
DA:8,1
DA:10,1
DA:16,1
DA:23,5
DA:25,5
DA:26,5
DA:27,5
DA:31,5
DA:33,5
DA:37,4
DA:39,4
DA:40,1
DA:42,1
DA:44,1
DA:57,1
DA:63,3
DA:66,2
DA:69,2
DA:72,3
DA:73,1
DA:75,0
DA:77,0
DA:78,0
DA:80,1
DA:84,0
DA:89,0
DA:90,0
DA:95,0
DA:96,0
DA:103,0
DA:108,0
DA:111,0
DA:112,0
DA:117,0
LF:34
LH:21
end_of_record
SF:lib/data/repositories/technician_repository.dart
DA:7,0
DA:10,0
DA:11,0
DA:15,0
DA:16,0
DA:20,0
DA:21,0
DA:25,0
DA:26,0
DA:27,0
DA:31,0
DA:32,0
LF:12
LH:0
end_of_record
SF:lib/presentation/providers/object_box_provider.dart
DA:5,0
DA:6,0
LF:2
LH:0
end_of_record
SF:lib/presentation/providers/repository_providers.dart
DA:11,0
DA:12,0
DA:13,0
DA:17,0
DA:18,0
DA:19,0
DA:23,0
DA:24,0
DA:25,0
DA:29,0
DA:30,0
DA:31,0
DA:35,0
DA:36,0
DA:37,0
DA:40,3
LF:16
LH:1
end_of_record
SF:lib/presentation/providers/trash_service_item_provider.dart
DA:6,0
DA:7,0
DA:8,0
DA:9,0
DA:19,3
DA:20,1
DA:23,2
DA:25,2
DA:27,2
DA:29,1
DA:31,1
DA:34,2
DA:35,2
DA:36,1
DA:40,1
DA:41,2
DA:42,2
DA:45,1
DA:46,2
DA:47,7
DA:49,2
DA:50,2
DA:53,5
DA:57,1
DA:58,2
DA:59,7
DA:61,2
DA:62,2
DA:67,0
DA:68,0
DA:69,0
DA:70,0
LF:32
LH:24
end_of_record
SF:lib/core/utils/utils.dart
DA:9,1
DA:13,3
DA:14,3
DA:16,1
DA:18,1
DA:19,1
DA:20,1
DA:21,1
DA:22,1
DA:24,1
DA:25,1
DA:27,1
DA:28,1
DA:29,1
DA:31,1
DA:34,1
DA:36,1
DA:39,1
DA:42,1
DA:45,1
DA:48,1
DA:51,1
DA:57,1
DA:59,1
DA:62,1
DA:65,1
DA:68,1
DA:71,1
DA:74,1
DA:82,0
DA:83,0
DA:84,0
DA:86,0
DA:87,0
DA:88,0
DA:90,0
DA:91,0
DA:93,0
DA:97,0
DA:98,0
DA:99,0
DA:100,0
DA:102,0
LF:43
LH:29
end_of_record
SF:lib/data/services/backup_restore_service.dart
DA:15,1
DA:18,0
DA:21,0
DA:22,0
DA:23,0
DA:24,0
DA:27,0
DA:28,0
DA:29,0
DA:30,0
DA:31,0
DA:35,0
DA:38,0
DA:39,0
DA:42,0
DA:44,0
DA:49,0
DA:50,0
DA:53,0
DA:54,0
DA:60,0
DA:66,0
DA:67,0
DA:69,0
DA:75,0
DA:78,0
DA:81,0
DA:83,0
DA:87,0
DA:88,0
DA:89,0
DA:90,0
DA:93,0
DA:94,0
DA:97,0
DA:103,0
DA:109,0
DA:110,0
DA:114,0
DA:119,0
DA:123,0
DA:124,0
DA:127,0
DA:130,0
DA:136,0
DA:139,0
DA:142,0
DA:143,0
DA:144,0
DA:147,0
DA:148,0
DA:149,0
DA:150,0
DA:151,0
DA:152,0
DA:153,0
DA:154,0
DA:155,0
DA:158,0
DA:159,0
DA:160,0
DA:165,0
DA:166,0
DA:167,0
DA:168,0
DA:169,0
DA:170,0
DA:171,0
DA:172,0
DA:173,0
DA:176,0
DA:177,0
DA:178,0
DA:179,0
DA:184,0
DA:185,0
DA:186,0
DA:187,0
DA:188,0
DA:189,0
DA:190,0
DA:191,0
DA:192,0
DA:195,0
DA:196,0
DA:197,0
DA:202,0
DA:203,0
DA:204,0
DA:205,0
DA:206,0
DA:210,0
DA:211,0
DA:212,0
DA:213,0
DA:217,0
DA:220,0
DA:226,0
DA:229,0
DA:232,0
DA:233,0
DA:234,0
DA:235,0
DA:238,0
DA:239,0
DA:240,0
DA:243,0
DA:244,0
DA:245,0
DA:248,0
DA:249,0
DA:250,0
DA:251,0
DA:252,0
DA:253,0
DA:256,0
DA:257,0
DA:258,0
DA:263,0
DA:266,0
DA:267,0
DA:268,0
DA:269,0
DA:273,0
DA:274,0
DA:275,0
DA:280,0
DA:281,0
DA:282,0
DA:283,0
DA:284,0
DA:285,0
DA:289,0
DA:290,0
DA:291,0
DA:296,0
DA:299,0
DA:300,0
DA:301,0
DA:302,0
DA:306,0
DA:307,0
DA:308,0
DA:309,0
DA:314,0
DA:315,0
DA:316,0
DA:317,0
DA:318,0
DA:319,0
DA:322,0
DA:323,0
DA:324,0
DA:329,0
DA:332,0
DA:333,0
DA:334,0
DA:335,0
DA:339,0
DA:340,0
DA:341,0
DA:346,0
DA:347,0
DA:348,0
DA:349,0
DA:350,0
DA:354,0
DA:355,0
DA:356,0
DA:357,0
DA:361,0
DA:364,0
DA:370,0
DA:378,0
DA:379,0
DA:380,0
DA:381,0
DA:384,0
DA:385,0
DA:386,0
DA:387,0
DA:390,0
DA:391,0
DA:392,0
DA:393,0
DA:396,0
DA:397,0
DA:398,0
DA:399,0
DA:403,0
DA:404,0
DA:405,0
DA:406,0
DA:409,0
DA:410,0
DA:411,0
DA:412,0
DA:413,0
DA:416,0
DA:417,0
DA:424,0
DA:425,0
DA:426,0
DA:427,0
DA:429,0
DA:430,0
DA:431,0
DA:432,0
DA:433,0
DA:435,0
DA:436,0
DA:442,0
DA:443,0
DA:444,0
DA:445,0
DA:447,0
DA:448,0
DA:449,0
DA:450,0
DA:451,0
DA:453,0
DA:454,0
DA:460,0
DA:466,0
DA:474,0
DA:475,0
DA:476,0
DA:477,0
DA:478,0
DA:479,0
DA:483,0
DA:484,0
DA:485,0
DA:490,0
DA:491,0
DA:492,0
DA:494,0
DA:500,0
DA:501,0
DA:505,0
DA:507,0
DA:508,0
DA:509,0
DA:512,0
DA:514,0
DA:518,0
DA:519,0
DA:520,0
DA:530,0
DA:534,0
DA:535,0
DA:540,0
DA:541,0
DA:544,0
DA:545,0
DA:546,0
DA:547,0
DA:549,0
DA:550,0
DA:551,0
DA:552,0
DA:553,0
DA:554,0
DA:555,0
DA:556,0
DA:557,0
DA:561,0
DA:562,0
DA:563,0
DA:565,0
DA:569,0
DA:571,0
DA:572,0
DA:573,0
DA:575,0
DA:580,0
DA:583,0
DA:584,0
DA:585,0
DA:586,0
DA:587,0
DA:589,0
DA:593,0
DA:596,0
DA:600,0
DA:606,0
DA:609,0
DA:610,0
DA:611,0
DA:612,0
DA:613,0
DA:614,0
DA:615,0
DA:616,0
DA:617,0
DA:618,0
DA:619,0
DA:620,0
DA:621,0
DA:622,0
DA:623,0
DA:627,0
DA:628,0
DA:629,0
DA:630,0
DA:632,0
DA:636,0
DA:638,0
DA:639,0
DA:640,0
DA:642,0
DA:647,0
DA:650,0
DA:651,0
DA:652,0
DA:653,0
DA:654,0
DA:655,0
DA:657,0
DA:661,0
DA:664,0
DA:668,0
DA:669,0
DA:670,0
DA:671,0
DA:672,0
DA:676,0
DA:677,0
LF:328
LH:1
end_of_record
